C51 COMPILER V9.01   MAX232                                                                08/22/2010 15:49:23 PAGE 1   


C51 COMPILER V9.01, COMPILATION OF MODULE MAX232
OBJECT MODULE PLACED IN MAX232.OBJ
COMPILER INVOKED BY: d:\Keil\C51\BIN\C51.EXE MAX232.c BROWSE DEBUG OBJECTEXTEND

line level    source

   1          /********************************************************************
   2          创建人：陈志强
   3          时间：2010.5.17
   4          功能：MAX232驱动
   5          *********************************************************************/
   6          #include"reg52.h"
   7          #include"allhead.h"     
   8          unchar RevFlags;
   9          /*************************串口初始化函数**************/
  10          void Max232Int()
  11          {
  12   1              PCON=0x00;   //SMOD=0
  13   1              TMOD=0x20;  //设置T1为工作方式2
  14   1              TH1=0xfd;  //9600
  15   1              TL1=0xfd;
  16   1              SM0=0;
  17   1              SM1=1;//方式1,8位
  18   1              EA=1;
  19   1              ES=1;
  20   1              TR1=1;//定时器1允许
  21   1              REN=1;//允许接收
  22   1      }
  23          /*************************串口发送一个字节函数********************/
  24          void Max232SendChar(unchar date)
  25          {
  26   1         ES=0;
  27   1         SBUF=date;
  28   1         while(!TI);
  29   1           TI=0;
  30   1           ES=1;
  31   1      }
  32          /**********************发送一个字符串******************************/
  33          void Max232SendAChar(unchar *string)
  34          {
  35   1        while(*string!='\0')
  36   1         {
  37   2            Max232SendChar(*string);
  38   2                string++;
  39   2         }
  40   1      }
  41          /**********************串口中断接收函数****************************/
  42          void ExInt() interrupt 4 
  43          {
  44   1        ES=0;
  45   1        if(RI)
  46   1          {
  47   2                RI=0;
  48   2                RevFlags=SBUF;
  49   2              }
  50   1        ES=1;
  51   1      } 
  52          /*********************发送NRF24L01采集到的数据********************/
  53          void MAX232SendDate()
  54          {
  55   1              if(RevFlags=='S')
C51 COMPILER V9.01   MAX232                                                                08/22/2010 15:49:23 PAGE 2   

  56   1              {
  57   2                       RevFlags=0;
  58   2                       Max232SendAChar(RevTempDate);
  59   2                       Max232SendAChar("12.3");
  60   2                       Max232SendAChar("32.6");
  61   2                       Max232SendAChar("56.7");
  62   2                       Max232SendAChar("36.9");
  63   2                       Max232SendAChar("89.4");
  64   2              }
  65   1              //Max232SendChar('E');//发送结束标志
  66   1      }


MODULE INFORMATION:   STATIC OVERLAYABLE
   CODE SIZE        =    123    ----
   CONSTANT SIZE    =     25    ----
   XDATA SIZE       =   ----    ----
   PDATA SIZE       =   ----    ----
   DATA SIZE        =      1    ----
   IDATA SIZE       =   ----    ----
   BIT SIZE         =   ----    ----
END OF MODULE INFORMATION.


C51 COMPILATION COMPLETE.  0 WARNING(S),  0 ERROR(S)
