C51 COMPILER V9.01   接收                                                                  08/22/2010 15:49:23 PAGE 1   


C51 COMPILER V9.01, COMPILATION OF MODULE 接收
OBJECT MODULE PLACED IN 接收.OBJ
COMPILER INVOKED BY: d:\Keil\C51\BIN\C51.EXE 接收.c BROWSE DEBUG OBJECTEXTEND

line level    source

   1          /*****************************************
   2          创建：陈志强
   3          时间：2010.6.12
   4          功能：工程主函数(主机接收部分)
   5          *****************************************/
   6          #include"reg52.h"
   7          #include"Allhead.h"
   8          /************************主函数********************/
   9          void main()
  10          {
  11   1        //LCD1602Int();
  12   1         *(RevTempDate+4)='\0';
  13   1         LcdInt(); //12864液晶初始化
  14   1         LcdClear(); //12864液晶清屏 
  15   1         Max232Int();//串口初始化
  16   1         NRF24L01Int();
  17   1         LcdWriteChStr(2,10,"当前温度:");
  18   1         while(1)
  19   1          {
  20   2                      NRFSetRXMode();//设置为接收模式
  21   2                      GetDate();//开始接受数
  22   2              }
  23   1      }


MODULE INFORMATION:   STATIC OVERLAYABLE
   CODE SIZE        =     36    ----
   CONSTANT SIZE    =     10    ----
   XDATA SIZE       =   ----    ----
   PDATA SIZE       =   ----    ----
   DATA SIZE        =   ----    ----
   IDATA SIZE       =   ----    ----
   BIT SIZE         =   ----    ----
END OF MODULE INFORMATION.


C51 COMPILATION COMPLETE.  0 WARNING(S),  0 ERROR(S)
