###############################################################################
#                                                                             #
#                                                       06/Jun/2016  16:42:26 #
# IAR C/C++ Compiler V5.50.1.20465/W32, Evaluation edition for MSP430         #
# Copyright 1996-2012 IAR Systems AB.                                         #
#                                                                             #
#    __rt_version  =  3                                                       #
#    __double_size =  32                                                      #
#    __reg_r4      =  free                                                    #
#    __reg_r5      =  free                                                    #
#    __pic         =  no                                                      #
#    __core        =  430X                                                    #
#    __data_model  =  large                                                   #
#    Source file   =  C:\Users\615\Desktop\MSP430\MSP430F5529¿âº¯Êý2.5\C°æ\¹¤ #
#                     ³ÌÄ£°å\Drivers\src\lpm.c                                #
#    Command line  =  C:\Users\615\Desktop\MSP430\MSP430F5529¿âº¯Êý2.5\C°æ\¹¤ #
#                     ³ÌÄ£°å\Drivers\src\lpm.c -D NDEBUG -D RAM_VECTOR -lC    #
#                     C:\Users\615\Desktop\MSP430\MSP430F5529¿âº¯Êý2.5\C°æ\¹¤ #
#                     ³ÌÄ£°å\Release\List\ -lA C:\Users\615\Desktop\MSP430\MS #
#                     P430F5529¿âº¯Êý2.5\C°æ\¹¤³ÌÄ£°å\Release\List\ -o        #
#                     C:\Users\615\Desktop\MSP430\MSP430F5529¿âº¯Êý2.5\C°æ\¹¤ #
#                     ³ÌÄ£°å\Release\Obj\ -D__MSP430F5529__ -e --double=32    #
#                     --dlib_config "D:\Program Files (x86)\IAR               #
#                     Systems\Embedded Workbench 6.4                          #
#                     Evaluation\430\LIB\DLIB\dl430xlfn.h" -I                 #
#                     C:\Users\615\Desktop\MSP430\MSP430F5529¿âº¯Êý2.5\C°æ\¹¤ #
#                     ³ÌÄ£°å\ -I C:\Users\615\Desktop\MSP430\MSP430F5529¿âº¯Ê #
#                     ý2.5\C°æ\¹¤³ÌÄ£°å\Drivers\inc\ -I                       #
#                     C:\Users\615\Desktop\MSP430\MSP430F5529¿âº¯Êý2.5\C°æ\¹¤ #
#                     ³ÌÄ£°å\Drivers\src\ -I C:\Users\615\Desktop\MSP430\MSP4 #
#                     30F5529¿âº¯Êý2.5\C°æ\¹¤³ÌÄ£°å\Drivers\src\USB\ -I       #
#                     C:\Users\615\Desktop\MSP430\MSP430F5529¿âº¯Êý2.5\C°æ\¹¤ #
#                     ³ÌÄ£°å\Drivers\src\USB\USB_config\ -I                   #
#                     C:\Users\615\Desktop\MSP430\MSP430F5529¿âº¯Êý2.5\C°æ\¹¤ #
#                     ³ÌÄ£°å\Drivers\src\USB\USB_User\ -I                     #
#                     C:\Users\615\Desktop\MSP430\MSP430F5529¿âº¯Êý2.5\C°æ\¹¤ #
#                     ³ÌÄ£°å\Drivers\srcUSB\USB_API\USB_CDC_API\ -I           #
#                     C:\Users\615\Desktop\MSP430\MSP430F5529¿âº¯Êý2.5\C°æ\¹¤ #
#                     ³ÌÄ£°å\Drivers\src\USB\USB_API\USB_HID_API\ -I          #
#                     C:\Users\615\Desktop\MSP430\MSP430F5529¿âº¯Êý2.5\C°æ\¹¤ #
#                     ³ÌÄ£°å\Drivers\src\USB\USB_API\USB_MSC_API\ -I          #
#                     C:\Users\615\Desktop\MSP430\MSP430F5529¿âº¯Êý2.5\C°æ\¹¤ #
#                     ³ÌÄ£°å\HardWare\KEY\ -I C:\Users\615\Desktop\MSP430\MSP #
#                     430F5529¿âº¯Êý2.5\C°æ\¹¤³ÌÄ£°å\HardWare\LED\ -I         #
#                     C:\Users\615\Desktop\MSP430\MSP430F5529¿âº¯Êý2.5\C°æ\¹¤ #
#                     ³ÌÄ£°å\HardWare\12864\ -I C:\Users\615\Desktop\MSP430\M #
#                     SP430F5529¿âº¯Êý2.5\C°æ\¹¤³ÌÄ£°å\HardWare\oled\ -I      #
#                     C:\Users\615\Desktop\MSP430\MSP430F5529¿âº¯Êý2.5\C°æ\¹¤ #
#                     ³ÌÄ£°å\HardWare\mpu6050\inc\ -I                         #
#                     C:\Users\615\Desktop\MSP430\MSP430F5529¿âº¯Êý2.5\C°æ\¹¤ #
#                     ³ÌÄ£°å\HardWare\mpu6050\src\ -I                         #
#                     C:\Users\615\Desktop\MSP430\MSP430F5529¿âº¯Êý2.5\C°æ\¹¤ #
#                     ³ÌÄ£°å\HardWare\nokia5110\inc\ -I                       #
#                     C:\Users\615\Desktop\MSP430\MSP430F5529¿âº¯Êý2.5\C°æ\¹¤ #
#                     ³ÌÄ£°å\HardWare\nokia5110\src\ -I                       #
#                     C:\Users\615\Desktop\MSP430\MSP430F5529¿âº¯Êý2.5\C°æ\¹¤ #
#                     ³ÌÄ£°å\HardWare\LQ_1.8_TFT\ -I                          #
#                     C:\Users\615\Desktop\MSP430\MSP430F5529¿âº¯Êý2.5\C°æ\¹¤ #
#                     ³ÌÄ£°å\HardWare\LCD_API\ -I                             #
#                     C:\Users\615\Desktop\MSP430\MSP430F5529¿âº¯Êý2.5\C°æ\¹¤ #
#                     ³ÌÄ£°å\HardWare\2.2TFT\ -I                              #
#                     C:\Users\615\Desktop\MSP430\MSP430F5529¿âº¯Êý2.5\C°æ\¹¤ #
#                     ³ÌÄ£°å\HardWare\delay\ -I C:\Users\615\Desktop\MSP430\M #
#                     SP430F5529¿âº¯Êý2.5\C°æ\¹¤³ÌÄ£°å\System\ -I             #
#                     C:\Users\615\Desktop\MSP430\MSP430F5529¿âº¯Êý2.5\C°æ\¹¤ #
#                     ³ÌÄ£°å\System\inc\ -I C:\Users\615\Desktop\MSP430\MSP43 #
#                     0F5529¿âº¯Êý2.5\C°æ\¹¤³ÌÄ£°å\System\src\ -I             #
#                     C:\Users\615\Desktop\MSP430\MSP430F5529¿âº¯Êý2.5\C°æ\¹¤ #
#                     ³ÌÄ£°å\User\ -I C:\Users\615\Desktop\MSP430\MSP430F5529 #
#                     ¿âº¯Êý2.5\C°æ\¹¤³ÌÄ£°å\User\USER\ -I                    #
#                     C:\Users\615\Desktop\MSP430\MSP430F5529¿âº¯Êý2.5\C°æ\¹¤ #
#                     ³ÌÄ£°å\Lib\UCOSII\CONFIG\ -I                            #
#                     C:\Users\615\Desktop\MSP430\MSP430F5529¿âº¯Êý2.5\C°æ\¹¤ #
#                     ³ÌÄ£°å\Lib\uCOSII\App\ -I C:\Users\615\Desktop\MSP430\M #
#                     SP430F5529¿âº¯Êý2.5\C°æ\¹¤³ÌÄ£°å\Lib\uCOSII\CONFIHG\    #
#                     -I C:\Users\615\Desktop\MSP430\MSP430F5529¿âº¯Êý2.5\C°æ #
#                     \¹¤³ÌÄ£°å\Lib\uCOSII\PORT\ -I                           #
#                     C:\Users\615\Desktop\MSP430\MSP430F5529¿âº¯Êý2.5\C°æ\¹¤ #
#                     ³ÌÄ£°å\Lib\UCOSII\CORE\ -I                              #
#                     C:\Users\615\Desktop\MSP430\MSP430F5529¿âº¯Êý2.5\C°æ\¹¤ #
#                     ³ÌÄ£°å\Lib\FatFs\ -I C:\Users\615\Desktop\MSP430\MSP430 #
#                     F5529¿âº¯Êý2.5\C°æ\¹¤³ÌÄ£°å\Lib\FatFs\option\           #
#                     --core=430X --data_model=large -Oh --multiplier=32      #
#                     --multiplier_location=4C0 --hw_workaround=CPU40         #
#    List file     =  C:\Users\615\Desktop\MSP430\MSP430F5529¿âº¯Êý2.5\C°æ\¹¤ #
#                     ³ÌÄ£°å\Release\List\lpm.lst                             #
#    Object file   =  C:\Users\615\Desktop\MSP430\MSP430F5529¿âº¯Êý2.5\C°æ\¹¤ #
#                     ³ÌÄ£°å\Release\Obj\lpm.r43                              #
#                                                                             #
#                                                                             #
###############################################################################

C:\Users\615\Desktop\MSP430\MSP430F5529¿âº¯Êý2.5\C°æ\¹¤³ÌÄ£°å\Drivers\src\lpm.c
      1          #include "lpm.h"
      2          /*******************************************************************************
      3          *  º¯ÊýÃû³Æ£ºLowPowerMode_Enter(LPMx Lpmx)
      4          *  ¹¦ÄÜËµÃ÷£º¹¦ºÄÄ£Ê½ÉèÖÃ
      5          *  ²ÎÊýËµÃ÷£ºLPMx Lpmx:¹¦ºÄÄ£Ê½£¬Çë²Î¿¼.hÎÄ¼þ
      6          *  º¯Êý·µ»Ø£ºÎÞ
      7          *  Ê¹ÓÃÊ¾Àý£ºLowPowerMode_Enter(LPM_1);   //½øÈëµÍ¹¦ºÄÄ£Ê½1
      8          ********************************************************************************/

   \                                 In  segment CODE, align 2
      9          void LowPowerMode_Enter(LPMx Lpmx)
   \                     LowPowerMode_Enter:
     10          {
     11            _BIC_SR(LPM_4);
   \   000000   32C0F000     BIC.W   #0xf0, SR
     12            _BIS_SR(Lpmx);
   \   000004   4C4C         MOV.B   R12, R12
   \   000006   02DC         BIS.W   R12, SR
     13          }
   \   000008   1001         RETA

   Maximum stack usage in bytes:

   CSTACK Function
   ------ --------
       4  LowPowerMode_Enter


   Segment part sizes:

   Bytes  Function/Label
   -----  --------------
      10  LowPowerMode_Enter

 
 10 bytes in segment CODE
 
 10 bytes of CODE memory

Errors: none
Warnings: none
