C51 COMPILER V9.01   DELAY                                                                 08/22/2010 19:16:07 PAGE 1   


C51 COMPILER V9.01, COMPILATION OF MODULE DELAY
OBJECT MODULE PLACED IN DELAY.OBJ
COMPILER INVOKED BY: d:\Keil\C51\BIN\C51.EXE DELAY.c BROWSE DEBUG OBJECTEXTEND

line level    source

   1          /*****************************************
   2          创建：陈志强
   3          时间：2010.6.12
   4          功能：延函数
   5          *****************************************/
   6          #include"reg52.h"
   7          #include"Allhead.h"
   8          /***************************延时函数*********************/
   9          void LCDDelay(unchar t)
  10          {
  11   1        unchar x,y;
  12   1        for(x=t;x>0;x--)
  13   1          for(y=110;y>0;y--);
  14   1      }
  15          /**********************延时函数**************************/
  16          void NRFDelay(unint t)
  17          {
  18   1         unint x,y;
  19   1         for(x=t;x>0;x--)
  20   1          for(y=110;y>0;y--);
  21   1      }


MODULE INFORMATION:   STATIC OVERLAYABLE
   CODE SIZE        =     44    ----
   CONSTANT SIZE    =   ----    ----
   XDATA SIZE       =   ----    ----
   PDATA SIZE       =   ----    ----
   DATA SIZE        =   ----    ----
   IDATA SIZE       =   ----    ----
   BIT SIZE         =   ----    ----
END OF MODULE INFORMATION.


C51 COMPILATION COMPLETE.  0 WARNING(S),  0 ERROR(S)
