C51 COMPILER V9.01   LCD12864                                                              08/22/2010 15:49:23 PAGE 1   


C51 COMPILER V9.01, COMPILATION OF MODULE LCD12864
OBJECT MODULE PLACED IN LCD12864.OBJ
COMPILER INVOKED BY: d:\Keil\C51\BIN\C51.EXE LCD12864.c BROWSE DEBUG OBJECTEXTEND

line level    source

   1          /********************************************************************
   2          创建人：陈志强
   3          时间：2010.5.17
   4          功能：LCD12864液晶函数
   5          ******************************************************************/
   6          #include"reg52.h"
   7          #include"code.h"
   8          #include"Allhead.h"
   9          #include"math.h"
  10          #define DPOT P2
  11          sbit RS=P0^0;
  12          sbit RW=P0^1;
  13          sbit EN=P0^2;
  14          sbit CS1=P0^3;
  15          sbit CS2=P0^4;
  16          sbit RES=P0^5;
  17          /*************LCD片选函数**************************************/
  18          void LcdCS(unchar num)
  19          {
  20   1        switch(num)
  21   1         {
  22   2            case 0:CS1=1;CS2=1;break;//全屏
  23   2                case 1:CS1=1;CS2=0;break;//左屏
  24   2                case 2:CS1=0;CS2=1;break;//右屏
  25   2                case 3:CS1=0;CS2=0;break;//关屏
  26   2                default:break;
  27   2         }
  28   1      }
  29          /********LCD写命令函数*****************************************/
  30          void LcdWriteCmd(unchar num,unchar cmd)
  31          {
  32   1      
  33   1         RS=0;
  34   1         RW=0;
  35   1         LcdCS(num);  //选屏写入命令
  36   1         EN=1;
  37   1         DPOT=cmd;
  38   1         EN=0;
  39   1      }
  40          /*********LCD写数据函数****************************************/
  41          void LcdWriteDate(unchar num,unchar date)
  42          {
  43   1        RS=1;
  44   1        RW=0;
  45   1        LcdCS(num);//选择屏幕写入数据 
  46   1        EN=1;
  47   1        DPOT=date;
  48   1        EN=0;
  49   1      }                                                                                                
  50          /**********LCD读屏幕函数****************************************/
  51          unchar LcdReadDate(unchar num)
  52          {
  53   1        unchar date;
  54   1        DPOT=0xff;   //让数据口置1后才能读端口
  55   1        RS=1;
C51 COMPILER V9.01   LCD12864                                                              08/22/2010 15:49:23 PAGE 2   

  56   1        RW=1;
  57   1        LcdCS(num);//选择屏幕读入数据
  58   1        EN=1;  
  59   1        date=DPOT;  
  60   1        EN=0;
  61   1        return(date);
  62   1      }                                                                         
  63          /**********X设置函数*************************************************/
  64          void PageSet(unchar num,unchar page)
  65          {
  66   1         LcdWriteCmd(num,page|0xb8);
  67   1      }
  68          /**********Y设置函数************************************************/
  69          void YSet(unchar num,unchar y)
  70          {
  71   1         LcdWriteCmd(num,y|0x40);
  72   1      }
  73          /************指定的位置写入数据***********************************/
  74          void LcdWriteToSet(unchar x,unchar y,unchar date)
  75          {
  76   1         if(y<64)
  77   1          {
  78   2                 PageSet(1,x);
  79   2                 YSet(1,y);
  80   2                 LcdWriteDate(1,date);
  81   2              }
  82   1         else
  83   1          {
  84   2                 PageSet(2,x);
  85   2             YSet(2,y-64);
  86   2                 LcdWriteDate(2,date);
  87   2              }
  88   1      }
  89          /************指定位置读出数据****************************************/
  90          unchar LcdReadFromSet(unchar x,unchar y)
  91          {
  92   1        unchar date;
  93   1        if(y<64)
  94   1          {
  95   2                 PageSet(1,x);
  96   2                 YSet(1,y);
  97   2                 date=LcdReadDate(1);   
  98   2                 date=LcdReadDate(1);
  99   2                 return(date);
 100   2              }
 101   1        else
 102   1          {
 103   2                PageSet(2,x);
 104   2                YSet(2,y-64);
 105   2                date=LcdReadDate(2);
 106   2                date=LcdReadDate(2);
 107   2                return(date);
 108   2              }
 109   1      }
 110          /************画点基本函数********************************************/
 111          void LcdWriteDot(unchar x,unchar y,unchar attr)
 112          {       
 113   1              unchar yaddr,tempdate1,tempdate2;
 114   1              yaddr=6-(y>>3);  //计算出所在页
 115   1              tempdate1=LcdReadFromSet(yaddr,x);//在指定的x,y读出一个字节的数据               
 116   1              tempdate2=0x80>>((y&0x07)-1);    //计算出页中点 
 117   1              if(attr)                                
C51 COMPILER V9.01   LCD12864                                                              08/22/2010 15:49:23 PAGE 3   

 118   1                 tempdate1|=tempdate2;   //画点
 119   1              else
 120   1                 tempdate1&=~tempdate2;  //消点
 121   1          LcdWriteToSet(yaddr,x,tempdate1);//指定位置画点
 122   1      }
 123          /*******指定位置写入12点阵汉字*******************************************/
 124          void LcdWriteCh12(unchar x,unchar y,unchar *string)
 125          {
 126   1                unchar i;
 127   1                for(i=0;i<12;i++)
 128   1                  LcdWriteToSet(x,y++,string[i]);
 129   1                      y-=12;
 130   1                for(i=12;i<24;i++)
 131   1                  LcdWriteToSet(x+1,y++,string[i]);
 132   1      } 
 133          /**********指定位置写入一个5*8ASCII字模*******************/
 134          /*void LcdWriteAsc58(unchar x,unchar y,unchar string)
 135          {
 136             unchar i;
 137             for(i=0;i<5;i++)  //ASCII码上部分
 138                LcdWriteToSet(x,y++,nAsciiDot58[string-32][i]);
 139          }  */
 140          /**********指定位置写入一个8*16ASCII字模*******************/
 141          void LcdWriteAsc816(unchar x,unchar y,unchar string)
 142          {
 143   1         unchar i;
 144   1         for(i=0;i<8;i++)  //ASCII码上部分
 145   1            LcdWriteToSet(x,y++,nAsciiDot816[string-32][i]);
 146   1                y-=8;//返回初始的y地址
 147   1         for(i=8;i<16;i++)  //ASCII码下部分
 148   1                LcdWriteToSet(x+1,y++,nAsciiDot816[string-32][i]);
 149   1              
 150   1      }
 151          /*********指定位置写入一串汉字或者ASCII码********************************/
 152          //采用内码搜索
 153          void LcdWriteChStr(unchar x,unchar y,unchar *string)
 154          {
 155   1        unchar ch1,ch2,i,j=0,length;
 156   1        for(length=0;string[length]!=0;length++);
 157   1        do
 158   1         {
 159   2            ch1=string[j];
 160   2            ch2=string[j+1];
 161   2               if(ch1<0x80)//小于0x80为ASCII码
 162   2                {
 163   3                      LcdWriteAsc816(x,y,ch1); 
 164   3                      j++;
 165   3                      y+=8;  //看字体来设置
 166   3                }
 167   2              else
 168   2              {
 169   3            for(i=0;i<sizeof(GB_12)/sizeof(GB_12[0]);i++)        //汉字内码搜索
 170   3                 {
 171   4                   if((ch1==GB_12[i].Index[0])&&(ch2==GB_12[i].Index[1]))
 172   4                        break;
 173   4                 }
 174   3                LcdWriteCh12(x,y,GB_12[i].Msk);
 175   3                j+=2;
 176   3                y+=12;//看字体来设置
 177   3              }
 178   2         }while(j<length); 
 179   1      }
C51 COMPILER V9.01   LCD12864                                                              08/22/2010 15:49:23 PAGE 4   

 180          /************指定位置图片显示函数*******************************************/
 181          /*void LcdShowPicture(unchar x,unchar y,unchar high,unchar wide,unchar *img)
 182          {  //页/Y地址/图片高/图片宽/图片编码
 183             //在显示图片时要特别小心，注意图片长宽时多少！
 184             //设置的Y和page参数不要超过能显示这副图片的最高参数！ 
 185             unchar i,j;
 186             for(i=0;i<(high>>3);i++)   //判断这幅画多少个页，竖向8个像素为一页
 187                          for(j=0;j<(wide-y);j++)  //设置Y地址时要减掉前面空格，就是设置Y后第一页还可以显示多少个字节！                                    
 188                            LcdWriteToSet(x+i,y+j,img[i*wide+j]);
 189          
 190          }
 191          /*********************LCD清屏******************************************/
 192          void LcdClear()
 193          {
 194   1        unchar x,y;
 195   1        for(x=0;x<8;x++)
 196   1         {
 197   2               for(y=0;y<128;y++)
 198   2                LcdWriteToSet(x,y,0x00);
 199   2         }
 200   1      }
 201          /************LCD初始化函数*********************************************/
 202          void LcdInt()
 203          {
 204   1        RES=0;
 205   1        RES=1;
 206   1        RW=0;
 207   1        RS=0;
 208   1        EN=0;
 209   1        LcdCS(3);
 210   1        LcdWriteCmd(1,0x3f); 
 211   1        LcdWriteCmd(1,0xc0);
 212   1        LcdCS(3);
 213   1        LcdWriteCmd(2,0x3f);
 214   1        LcdWriteCmd(2,0xc0);
 215   1      }  


MODULE INFORMATION:   STATIC OVERLAYABLE
   CODE SIZE        =    684    ----
   CONSTANT SIZE    =   1640    ----
   XDATA SIZE       =   ----    ----
   PDATA SIZE       =   ----    ----
   DATA SIZE        =   ----      19
   IDATA SIZE       =   ----    ----
   BIT SIZE         =   ----    ----
END OF MODULE INFORMATION.


C51 COMPILATION COMPLETE.  0 WARNING(S),  0 ERROR(S)
